Matimatiks-android/app/build/outputs/logs/manifest-merger-release-report.txt
-- Merging decision tree log ---
manifest
ADDED from src\main\AndroidManifest.xml:2:1-144:12
INJECTED from src\main\AndroidManifest.xml:2:1-144:12
INJECTED from src\main\AndroidManifest.xml:2:1-144:12
INJECTED from src\main\AndroidManifest.xml:2:1-144:12
MERGED from [com.twitter.sdk.android:twitter-core:3.0.0] AndroidManifest.xml:18:1-35:12
MERGED from [com.facebook.android:facebook-android-sdk:4.22.1] AndroidManifest.xml:21:1-50:12
MERGED from [com.firebaseui:firebase-ui-auth:2.3.0] AndroidManifest.xml:2:1-79:12
MERGED from [com.android.support:design:28.0.0] AndroidManifest.xml:17:1-24:12
MERGED from [com.android.support:appcompat-v7:28.0.0] AndroidManifest.xml:17:1-22:12
MERGED from [com.android.support:cardview-v7:28.0.0] AndroidManifest.xml:17:1-22:12
MERGED from [com.google.android.gms:play-services-ads:15.0.1] AndroidManifest.xml:17:1-25:12
MERGED from [com.android.support:customtabs:28.0.0] AndroidManifest.xml:17:1-22:12
MERGED from [com.google.firebase:firebase-auth:16.0.3] AndroidManifest.xml:17:1-38:12
MERGED from [com.jjoe64:graphview:4.2.2] AndroidManifest.xml:2:1-14:12
MERGED from [com.google.firebase:firebase-database:16.0.2] AndroidManifest.xml:15:1-22:12
MERGED from [com.google.android.gms:play-services-gcm:15.0.1] AndroidManifest.xml:17:1-28:12
MERGED from [com.google.firebase:firebase-storage:16.0.2] AndroidManifest.xml:15:1-26:12
MERGED from [com.google.firebase:firebase-invites:16.0.3] AndroidManifest.xml:2:1-9:12
MERGED from [com.google.android.gms:play-services-appinvite:16.0.3] AndroidManifest.xml:17:1-37:12
MERGED from [com.google.android.gms:play-services-iid:15.0.1] AndroidManifest.xml:17:1-28:12
MERGED from [com.google.firebase:firebase-dynamic-links:16.1.1] AndroidManifest.xml:2:1-9:12
MERGED from [com.google.firebase:firebase-core:16.0.3] AndroidManifest.xml:2:1-9:12
MERGED from [com.google.firebase:firebase-measurement-connector-impl:17.0.1] AndroidManifest.xml:17:1-34:12
MERGED from [com.google.firebase:firebase-analytics:16.0.3] AndroidManifest.xml:17:1-55:12
MERGED from [com.google.android.gms:play-services-measurement-api:16.0.1] AndroidManifest.xml:17:1-25:12
MERGED from [com.google.firebase:firebase-analytics-impl:16.2.1] AndroidManifest.xml:17:1-40:12
MERGED from [com.google.firebase:firebase-iid:16.0.0] AndroidManifest.xml:17:1-65:12
MERGED from [com.google.firebase:firebase-iid-interop:16.0.0] AndroidManifest.xml:2:1-10:12
MERGED from [com.google.android.gms:play-services-flags:15.0.1] AndroidManifest.xml:17:1-22:12
MERGED from [com.google.firebase:firebase-auth-interop:16.0.0] AndroidManifest.xml:2:1-10:12
MERGED from [com.google.android.gms:play-services-auth:16.0.0] AndroidManifest.xml:17:1-39:12
MERGED from [com.google.android.gms:play-services-auth-api-phone:15.0.1] AndroidManifest.xml:2:1-7:12
MERGED from [com.google.android.gms:play-services-auth-base:15.1.0] AndroidManifest.xml:2:1-7:12
MERGED from [com.google.android.gms:play-services-base:15.0.1] AndroidManifest.xml:17:1-29:12
MERGED from [com.google.firebase:firebase-common:16.0.2] AndroidManifest.xml:2:1-17:12
MERGED from [com.google.android.gms:play-services-tasks:15.0.1] AndroidManifest.xml:2:1-9:12
MERGED from [com.google.firebase:firebase-database-collection:15.0.1] AndroidManifest.xml:2:1-8:12
MERGED from [com.google.android.gms:play-services-ads-identifier:15.0.1] AndroidManifest.xml:17:1-24:12
MERGED from [com.google.android.gms:play-services-ads-lite:15.0.1] AndroidManifest.xml:17:1-36:12
MERGED from [com.google.android.gms:play-services-gass:15.0.1] AndroidManifest.xml:2:1-9:12
MERGED from [com.google.android.gms:play-services-stats:15.0.1] AndroidManifest.xml:2:1-9:12
MERGED from [com.google.firebase:firebase-measurement-connector:17.0.0] AndroidManifest.xml:17:1-25:12
MERGED from [com.google.android.gms:play-services-basement:15.0.1] AndroidManifest.xml:17:1-28:12
MERGED from [com.android.support:support-v4:28.0.0] AndroidManifest.xml:17:1-22:12
MERGED from [com.android.support:multidex:1.0.3] AndroidManifest.xml:17:1-22:12
MERGED from [com.android.support:animated-vector-drawable:28.0.0] AndroidManifest.xml:17:1-22:12
MERGED from [com.android.support:support-vector-drawable:28.0.0] AndroidManifest.xml:17:1-22:12
MERGED from [com.android.support:support-media-compat:28.0.0] AndroidManifest.xml:17:1-22:12
MERGED from [com.android.support:support-fragment:28.0.0] AndroidManifest.xml:17:1-22:12
MERGED from [com.android.support:recyclerview-v7:28.0.0] AndroidManifest.xml:17:1-22:12
MERGED from [com.android.support:support-core-ui:28.0.0] AndroidManifest.xml:17:1-22:12
MERGED from [com.android.support:support-core-utils:28.0.0] AndroidManifest.xml:17:1-22:12
MERGED from [com.android.support:loader:28.0.0] AndroidManifest.xml:17:1-22:12
MERGED from [com.android.support:viewpager:28.0.0] AndroidManifest.xml:17:1-22:12
MERGED from [com.android.support:coordinatorlayout:28.0.0] AndroidManifest.xml:17:1-22:12
MERGED from [com.android.support:drawerlayout:28.0.0] AndroidManifest.xml:17:1-22:12
MERGED from [com.android.support:slidingpanelayout:28.0.0] AndroidManifest.xml:17:1-22:12
MERGED from [com.android.support:customview:28.0.0] AndroidManifest.xml:17:1-22:12
MERGED from [com.android.support:swiperefreshlayout:28.0.0] AndroidManifest.xml:17:1-22:12
MERGED from [com.android.support:asynclayoutinflater:28.0.0] AndroidManifest.xml:17:1-22:12
MERGED from [com.android.support:transition:28.0.0] AndroidManifest.xml:17:1-22:12
MERGED from [com.android.support:support-compat:28.0.0] AndroidManifest.xml:17:1-24:12
MERGED from [com.android.support:versionedparcelable:28.0.0] AndroidManifest.xml:17:1-25:12
MERGED from [android.arch.lifecycle:livedata:1.1.1] AndroidManifest.xml:17:1-22:12
MERGED from [android.arch.lifecycle:livedata-core:1.1.1] AndroidManifest.xml:17:1-22:12
MERGED from [android.arch.core:runtime:1.1.1] AndroidManifest.xml:17:1-22:12
MERGED from [android.arch.lifecycle:runtime:1.1.1] AndroidManifest.xml:17:1-22:12
MERGED from [com.android.support:documentfile:28.0.0] AndroidManifest.xml:17:1-22:12
MERGED from [com.android.support:localbroadcastmanager:28.0.0] AndroidManifest.xml:17:1-22:12
MERGED from [com.android.support:print:28.0.0] AndroidManifest.xml:17:1-22:12
MERGED from [com.android.support:interpolator:28.0.0] AndroidManifest.xml:17:1-22:12
MERGED from [com.android.support:cursoradapter:28.0.0] AndroidManifest.xml:17:1-22:12
MERGED from [android.arch.lifecycle:viewmodel:1.1.1] AndroidManifest.xml:17:1-22:12
MERGED from [com.android.support.constraint:constraint-layout:1.1.0-beta1] AndroidManifest.xml:2:1-11:12
MERGED from [com.google.android.gms:play-services-ads-base:15.0.1] AndroidManifest.xml:17:1-24:12
MERGED from [com.google.android.gms:play-services-measurement-base:16.0.2] AndroidManifest.xml:2:1-9:12
INJECTED from src\main\AndroidManifest.xml:2:1-144:12
INJECTED from src\main\AndroidManifest.xml:2:1-144:12
INJECTED from src\main\AndroidManifest.xml:2:1-144:12
	package
		ADDED from src\main\AndroidManifest.xml:3:5-36
		INJECTED from src\main\AndroidManifest.xml
		INJECTED from src\main\AndroidManifest.xml
	android:versionName
		INJECTED from src\main\AndroidManifest.xml
		ADDED from src\main\AndroidManifest.xml:2:1-144:12
		INJECTED from src\main\AndroidManifest.xml
	android:versionCode
		INJECTED from src\main\AndroidManifest.xml
		ADDED from src\main\AndroidManifest.xml:2:1-144:12
		INJECTED from src\main\AndroidManifest.xml
	xmlns:android
		ADDED from src\main\AndroidManifest.xml:2:11-69
uses-permission#android.permission.INTERNET
ADDED from src\main\AndroidManifest.xml:5:5-67
MERGED from [com.twitter.sdk.android:twitter-core:3.0.0] AndroidManifest.xml:25:5-67
MERGED from [com.twitter.sdk.android:twitter-core:3.0.0] AndroidManifest.xml:25:5-67
MERGED from [com.firebaseui:firebase-ui-auth:2.3.0] AndroidManifest.xml:13:5-67
MERGED from [com.firebaseui:firebase-ui-auth:2.3.0] AndroidManifest.xml:13:5-67
MERGED from [com.google.android.gms:play-services-gcm:15.0.1] AndroidManifest.xml:24:5-67
MERGED from [com.google.android.gms:play-services-gcm:15.0.1] AndroidManifest.xml:24:5-67
MERGED from [com.google.firebase:firebase-storage:16.0.2] AndroidManifest.xml:24:5-67
MERGED from [com.google.firebase:firebase-storage:16.0.2] AndroidManifest.xml:24:5-67
MERGED from [com.google.android.gms:play-services-appinvite:16.0.3] AndroidManifest.xml:22:5-67
MERGED from [com.google.android.gms:play-services-appinvite:16.0.3] AndroidManifest.xml:22:5-67
MERGED from [com.google.android.gms:play-services-iid:15.0.1] AndroidManifest.xml:24:5-67
MERGED from [com.google.android.gms:play-services-iid:15.0.1] AndroidManifest.xml:24:5-67
MERGED from [com.google.firebase:firebase-measurement-connector-impl:17.0.1] AndroidManifest.xml:22:5-67
MERGED from [com.google.firebase:firebase-measurement-connector-impl:17.0.1] AndroidManifest.xml:22:5-67
MERGED from [com.google.firebase:firebase-analytics:16.0.3] AndroidManifest.xml:23:5-67
MERGED from [com.google.firebase:firebase-analytics:16.0.3] AndroidManifest.xml:23:5-67
MERGED from [com.google.firebase:firebase-analytics-impl:16.2.1] AndroidManifest.xml:23:5-67
MERGED from [com.google.firebase:firebase-analytics-impl:16.2.1] AndroidManifest.xml:23:5-67
MERGED from [com.google.firebase:firebase-iid:16.0.0] AndroidManifest.xml:23:5-67
MERGED from [com.google.firebase:firebase-iid:16.0.0] AndroidManifest.xml:23:5-67
MERGED from [com.google.android.gms:play-services-ads-lite:15.0.1] AndroidManifest.xml:23:5-67
MERGED from [com.google.android.gms:play-services-ads-lite:15.0.1] AndroidManifest.xml:23:5-67
	android:name
		ADDED from src\main\AndroidManifest.xml:5:22-64
uses-permission#android.permission.ACCESS_WIFI_STATE
ADDED from src\main\AndroidManifest.xml:6:5-76
	android:name
		ADDED from src\main\AndroidManifest.xml:6:22-73
uses-permission#android.permission.GET_ACCOUNTS
ADDED from src\main\AndroidManifest.xml:9:5-71
	android:name
		ADDED from src\main\AndroidManifest.xml:9:22-68
uses-permission#android.permission.READ_PROFILE
ADDED from src\main\AndroidManifest.xml:10:5-71
	android:name
		ADDED from src\main\AndroidManifest.xml:10:22-68
uses-permission#android.permission.READ_CONTACTS
ADDED from src\main\AndroidManifest.xml:11:5-72
	android:name
		ADDED from src\main\AndroidManifest.xml:11:22-69
uses-permission#android.permission.WRITE_EXTERNAL_STORAGE
ADDED from src\main\AndroidManifest.xml:12:5-81
	android:name
		ADDED from src\main\AndroidManifest.xml:12:22-78
uses-permission#android.permission.READ_PHONE_STATE
ADDED from src\main\AndroidManifest.xml:13:5-75
	android:name
		ADDED from src\main\AndroidManifest.xml:13:22-72
uses-permission#android.permission.READ_EXTERNAL_STORAGE
ADDED from src\main\AndroidManifest.xml:14:5-80
	android:name
		ADDED from src\main\AndroidManifest.xml:14:22-77
uses-permission#android.permission.ACCESS_FINE_LOCATION
ADDED from src\main\AndroidManifest.xml:21:5-79
	android:name
		ADDED from src\main\AndroidManifest.xml:21:22-76
application
ADDED from src\main\AndroidManifest.xml:23:5-142:19
MERGED from [com.twitter.sdk.android:twitter-core:3.0.0] AndroidManifest.xml:27:5-33:19
MERGED from [com.twitter.sdk.android:twitter-core:3.0.0] AndroidManifest.xml:27:5-33:19
MERGED from [com.facebook.android:facebook-android-sdk:4.22.1] AndroidManifest.xml:28:5-48:19
MERGED from [com.facebook.android:facebook-android-sdk:4.22.1] AndroidManifest.xml:28:5-48:19
MERGED from [com.firebaseui:firebase-ui-auth:2.3.0] AndroidManifest.xml:15:5-77:19
MERGED from [com.firebaseui:firebase-ui-auth:2.3.0] AndroidManifest.xml:15:5-77:19
MERGED from [com.android.support:design:28.0.0] AndroidManifest.xml:22:5-20
MERGED from [com.android.support:design:28.0.0] AndroidManifest.xml:22:5-20
MERGED from [com.google.firebase:firebase-auth:16.0.3] AndroidManifest.xml:22:5-36:19
MERGED from [com.google.firebase:firebase-auth:16.0.3] AndroidManifest.xml:22:5-36:19
MERGED from [com.jjoe64:graphview:4.2.2] AndroidManifest.xml:11:5-12:19
MERGED from [com.jjoe64:graphview:4.2.2] AndroidManifest.xml:11:5-12:19
MERGED from [com.google.android.gms:play-services-gcm:15.0.1] AndroidManifest.xml:26:5-20
MERGED from [com.google.android.gms:play-services-gcm:15.0.1] AndroidManifest.xml:26:5-20
MERGED from [com.google.firebase:firebase-invites:16.0.3] AndroidManifest.xml:7:5-20
MERGED from [com.google.firebase:firebase-invites:16.0.3] AndroidManifest.xml:7:5-20
MERGED from [com.google.android.gms:play-services-appinvite:16.0.3] AndroidManifest.xml:24:5-35:19
MERGED from [com.google.android.gms:play-services-appinvite:16.0.3] AndroidManifest.xml:24:5-35:19
MERGED from [com.google.android.gms:play-services-iid:15.0.1] AndroidManifest.xml:26:5-20
MERGED from [com.google.android.gms:play-services-iid:15.0.1] AndroidManifest.xml:26:5-20
MERGED from [com.google.firebase:firebase-dynamic-links:16.1.1] AndroidManifest.xml:7:5-20
MERGED from [com.google.firebase:firebase-dynamic-links:16.1.1] AndroidManifest.xml:7:5-20
MERGED from [com.google.firebase:firebase-core:16.0.3] AndroidManifest.xml:7:5-20
MERGED from [com.google.firebase:firebase-core:16.0.3] AndroidManifest.xml:7:5-20
MERGED from [com.google.firebase:firebase-measurement-connector-impl:17.0.1] AndroidManifest.xml:26:5-32:19
MERGED from [com.google.firebase:firebase-measurement-connector-impl:17.0.1] AndroidManifest.xml:26:5-32:19
MERGED from [com.google.firebase:firebase-analytics:16.0.3] AndroidManifest.xml:28:5-53:19
MERGED from [com.google.firebase:firebase-analytics:16.0.3] AndroidManifest.xml:28:5-53:19
MERGED from [com.google.android.gms:play-services-measurement-api:16.0.1] AndroidManifest.xml:22:5-23:19
MERGED from [com.google.android.gms:play-services-measurement-api:16.0.1] AndroidManifest.xml:22:5-23:19
MERGED from [com.google.firebase:firebase-analytics-impl:16.2.1] AndroidManifest.xml:28:5-38:19
MERGED from [com.google.firebase:firebase-analytics-impl:16.2.1] AndroidManifest.xml:28:5-38:19
MERGED from [com.google.firebase:firebase-iid:16.0.0] AndroidManifest.xml:34:5-63:19
MERGED from [com.google.firebase:firebase-iid:16.0.0] AndroidManifest.xml:34:5-63:19
MERGED from [com.google.firebase:firebase-iid-interop:16.0.0] AndroidManifest.xml:7:5-8:19
MERGED from [com.google.firebase:firebase-iid-interop:16.0.0] AndroidManifest.xml:7:5-8:19
MERGED from [com.google.firebase:firebase-auth-interop:16.0.0] AndroidManifest.xml:7:5-8:19
MERGED from [com.google.firebase:firebase-auth-interop:16.0.0] AndroidManifest.xml:7:5-8:19
MERGED from [com.google.android.gms:play-services-auth:16.0.0] AndroidManifest.xml:22:5-37:19
MERGED from [com.google.android.gms:play-services-auth:16.0.0] AndroidManifest.xml:22:5-37:19
MERGED from [com.google.android.gms:play-services-base:15.0.1] AndroidManifest.xml:22:5-27:19
MERGED from [com.google.android.gms:play-services-base:15.0.1] AndroidManifest.xml:22:5-27:19
MERGED from [com.google.firebase:firebase-common:16.0.2] AndroidManifest.xml:9:5-15:19
MERGED from [com.google.firebase:firebase-common:16.0.2] AndroidManifest.xml:9:5-15:19
MERGED from [com.google.android.gms:play-services-tasks:15.0.1] AndroidManifest.xml:7:5-20
MERGED from [com.google.android.gms:play-services-tasks:15.0.1] AndroidManifest.xml:7:5-20
MERGED from [com.google.android.gms:play-services-ads-identifier:15.0.1] AndroidManifest.xml:22:5-20
MERGED from [com.google.android.gms:play-services-ads-identifier:15.0.1] AndroidManifest.xml:22:5-20
MERGED from [com.google.android.gms:play-services-ads-lite:15.0.1] AndroidManifest.xml:26:5-34:19
MERGED from [com.google.android.gms:play-services-ads-lite:15.0.1] AndroidManifest.xml:26:5-34:19
MERGED from [com.google.android.gms:play-services-gass:15.0.1] AndroidManifest.xml:7:5-20
MERGED from [com.google.android.gms:play-services-gass:15.0.1] AndroidManifest.xml:7:5-20
MERGED from [com.google.android.gms:play-services-stats:15.0.1] AndroidManifest.xml:7:5-20
MERGED from [com.google.android.gms:play-services-stats:15.0.1] AndroidManifest.xml:7:5-20
MERGED from [com.google.firebase:firebase-measurement-connector:17.0.0] AndroidManifest.xml:22:5-23:19
MERGED from [com.google.firebase:firebase-measurement-connector:17.0.0] AndroidManifest.xml:22:5-23:19
MERGED from [com.google.android.gms:play-services-basement:15.0.1] AndroidManifest.xml:22:5-26:19
MERGED from [com.google.android.gms:play-services-basement:15.0.1] AndroidManifest.xml:22:5-26:19
MERGED from [com.android.support:support-compat:28.0.0] AndroidManifest.xml:22:5-94
MERGED from [com.android.support:support-compat:28.0.0] AndroidManifest.xml:22:5-94
MERGED from [com.android.support:versionedparcelable:28.0.0] AndroidManifest.xml:22:5-23:19
MERGED from [com.android.support:versionedparcelable:28.0.0] AndroidManifest.xml:22:5-23:19
MERGED from [com.android.support.constraint:constraint-layout:1.1.0-beta1] AndroidManifest.xml:9:5-20
MERGED from [com.android.support.constraint:constraint-layout:1.1.0-beta1] AndroidManifest.xml:9:5-20
MERGED from [com.google.android.gms:play-services-ads-base:15.0.1] AndroidManifest.xml:22:5-20
MERGED from [com.google.android.gms:play-services-ads-base:15.0.1] AndroidManifest.xml:22:5-20
MERGED from [com.google.android.gms:play-services-measurement-base:16.0.2] AndroidManifest.xml:7:5-20
MERGED from [com.google.android.gms:play-services-measurement-base:16.0.2] AndroidManifest.xml:7:5-20
	android:appComponentFactory
		ADDED from [com.android.support:support-compat:28.0.0] AndroidManifest.xml:22:18-91
	android:supportsRtl
		ADDED from src\main\AndroidManifest.xml:29:9-35
	android:label
		ADDED from src\main\AndroidManifest.xml:28:9-35
	android:fullBackupContent
		ADDED from src\main\AndroidManifest.xml:26:9-41
	android:icon
		ADDED from src\main\AndroidManifest.xml:27:9-42
	android:allowBackup
		ADDED from src\main\AndroidManifest.xml:25:9-35
	android:theme
		ADDED from src\main\AndroidManifest.xml:30:9-49
	android:name
		ADDED from src\main\AndroidManifest.xml:24:9-49
activity#matimatiks.matimatiks.Splashscreen
ADDED from src\main\AndroidManifest.xml:32:9-41:20
	android:screenOrientation
		ADDED from src\main\AndroidManifest.xml:34:13-49
	android:theme
		ADDED from src\main\AndroidManifest.xml:35:13-69
	android:name
		ADDED from src\main\AndroidManifest.xml:33:13-41
intent-filter#action:name:android.intent.action.MAIN+category:name:android.intent.category.LAUNCHER
ADDED from src\main\AndroidManifest.xml:36:13-40:29
action#android.intent.action.MAIN
ADDED from src\main\AndroidManifest.xml:37:17-69
	android:name
		ADDED from src\main\AndroidManifest.xml:37:25-66
category#android.intent.category.LAUNCHER
ADDED from src\main\AndroidManifest.xml:39:17-77
	android:name
		ADDED from src\main\AndroidManifest.xml:39:27-74
activity#matimatiks.matimatiks.welcomescreen
ADDED from src\main\AndroidManifest.xml:42:9-45:72
	android:screenOrientation
		ADDED from src\main\AndroidManifest.xml:44:13-49
	android:theme
		ADDED from src\main\AndroidManifest.xml:45:13-69
	android:name
		ADDED from src\main\AndroidManifest.xml:43:13-42
activity#matimatiks.matimatiks.Mainactivity
ADDED from src\main\AndroidManifest.xml:46:9-49:72
	android:screenOrientation
		ADDED from src\main\AndroidManifest.xml:48:13-49
	android:theme
		ADDED from src\main\AndroidManifest.xml:49:13-69
	android:name
		ADDED from src\main\AndroidManifest.xml:47:13-41
activity#matimatiks.matimatiks.Exam_category
ADDED from src\main\AndroidManifest.xml:50:9-53:72
	android:screenOrientation
		ADDED from src\main\AndroidManifest.xml:52:13-49
	android:theme
		ADDED from src\main\AndroidManifest.xml:53:13-69
	android:name
		ADDED from src\main\AndroidManifest.xml:51:13-42
activity#matimatiks.matimatiks.Exam_mode
ADDED from src\main\AndroidManifest.xml:54:9-57:72
	android:screenOrientation
		ADDED from src\main\AndroidManifest.xml:56:13-49
	android:theme
		ADDED from src\main\AndroidManifest.xml:57:13-69
	android:name
		ADDED from src\main\AndroidManifest.xml:55:13-38
meta-data#com.facebook.sdk.ApplicationId
ADDED from src\main\AndroidManifest.xml:59:9-61:63
MERGED from [com.firebaseui:firebase-ui-auth:2.3.0] AndroidManifest.xml:22:9-24:63
MERGED from [com.firebaseui:firebase-ui-auth:2.3.0] AndroidManifest.xml:22:9-24:63
	android:value
		ADDED from src\main\AndroidManifest.xml:61:13-60
	android:name
		ADDED from src\main\AndroidManifest.xml:60:13-58
activity#matimatiks.matimatiks.Profile
ADDED from src\main\AndroidManifest.xml:63:9-67:72
	android:screenOrientation
		ADDED from src\main\AndroidManifest.xml:66:13-49
	android:label
		ADDED from src\main\AndroidManifest.xml:65:13-33
	android:theme
		ADDED from src\main\AndroidManifest.xml:67:13-69
	android:name
		ADDED from src\main\AndroidManifest.xml:64:13-36
activity#matimatiks.matimatiks.Recommendation
ADDED from src\main\AndroidManifest.xml:69:9-72:72
	android:screenOrientation
		ADDED from src\main\AndroidManifest.xml:71:13-49
	android:theme
		ADDED from src\main\AndroidManifest.xml:72:13-69
	android:name
		ADDED from src\main\AndroidManifest.xml:70:13-43
activity#matimatiks.matimatiks.Logout
ADDED from src\main\AndroidManifest.xml:73:9-76:72
	android:screenOrientation
		ADDED from src\main\AndroidManifest.xml:75:13-49
	android:theme
		ADDED from src\main\AndroidManifest.xml:76:13-69
	android:name
		ADDED from src\main\AndroidManifest.xml:74:13-35
activity#matimatiks.matimatiks.ProgressReport
ADDED from src\main\AndroidManifest.xml:77:9-80:72
	android:screenOrientation
		ADDED from src\main\AndroidManifest.xml:79:13-49
	android:theme
		ADDED from src\main\AndroidManifest.xml:80:13-69
	android:name
		ADDED from src\main\AndroidManifest.xml:78:13-43
activity#matimatiks.matimatiks.ProgressScreen
ADDED from src\main\AndroidManifest.xml:81:9-83:71
	android:screenOrientation
		ADDED from src\main\AndroidManifest.xml:82:13-49
	android:theme
		ADDED from src\main\AndroidManifest.xml:83:13-69
	android:name
		ADDED from src\main\AndroidManifest.xml:81:19-49
activity#matimatiks.matimatiks.Login
ADDED from src\main\AndroidManifest.xml:84:9-87:72
	android:screenOrientation
		ADDED from src\main\AndroidManifest.xml:86:13-49
	android:theme
		ADDED from src\main\AndroidManifest.xml:87:13-69
	android:name
		ADDED from src\main\AndroidManifest.xml:85:13-34
activity#matimatiks.matimatiks.DeepLinkActivity
ADDED from src\main\AndroidManifest.xml:88:9-91:72
	android:screenOrientation
		ADDED from src\main\AndroidManifest.xml:90:13-49
	android:theme
		ADDED from src\main\AndroidManifest.xml:91:13-69
	android:name
		ADDED from src\main\AndroidManifest.xml:89:13-45
activity#matimatiks.matimatiks.Answer
ADDED from src\main\AndroidManifest.xml:92:9-96:72
	android:screenOrientation
		ADDED from src\main\AndroidManifest.xml:95:13-49
	android:label
		ADDED from src\main\AndroidManifest.xml:94:13-36
	android:theme
		ADDED from src\main\AndroidManifest.xml:96:13-69
	android:name
		ADDED from src\main\AndroidManifest.xml:93:13-35
activity#matimatiks.matimatiks.Questions
ADDED from src\main\AndroidManifest.xml:97:9-101:72
	android:screenOrientation
		ADDED from src\main\AndroidManifest.xml:100:13-49
	android:label
		ADDED from src\main\AndroidManifest.xml:99:13-38
	android:theme
		ADDED from src\main\AndroidManifest.xml:101:13-69
	android:name
		ADDED from src\main\AndroidManifest.xml:98:13-38
activity#matimatiks.matimatiks.Summary
ADDED from src\main\AndroidManifest.xml:102:9-105:72
	android:screenOrientation
		ADDED from src\main\AndroidManifest.xml:104:13-49
	android:theme
		ADDED from src\main\AndroidManifest.xml:105:13-69
	android:name
		ADDED from src\main\AndroidManifest.xml:103:13-36
activity#com.facebook.FacebookActivity
ADDED from src\main\AndroidManifest.xml:106:9-109:48
MERGED from [com.facebook.android:facebook-android-sdk:4.22.1] AndroidManifest.xml:29:9-32:66
MERGED from [com.facebook.android:facebook-android-sdk:4.22.1] AndroidManifest.xml:29:9-32:66
MERGED from [com.firebaseui:firebase-ui-auth:2.3.0] AndroidManifest.xml:59:9-63:48
MERGED from [com.firebaseui:firebase-ui-auth:2.3.0] AndroidManifest.xml:59:9-63:48
	android:label
		ADDED from src\main\AndroidManifest.xml:109:13-45
	tools:ignore
		ADDED from [com.firebaseui:firebase-ui-auth:2.3.0] AndroidManifest.xml:63:13-45
	android:configChanges
		ADDED from src\main\AndroidManifest.xml:108:13-96
	android:theme
		ADDED from [com.facebook.android:facebook-android-sdk:4.22.1] AndroidManifest.xml:32:13-63
	android:name
		ADDED from src\main\AndroidManifest.xml:107:13-57
activity#com.facebook.CustomTabActivity
ADDED from src\main\AndroidManifest.xml:115:9-126:20
MERGED from [com.firebaseui:firebase-ui-auth:2.3.0] AndroidManifest.xml:64:9-76:20
MERGED from [com.firebaseui:firebase-ui-auth:2.3.0] AndroidManifest.xml:64:9-76:20
	android:exported
		ADDED from src\main\AndroidManifest.xml:117:13-36
	tools:ignore
		ADDED from [com.firebaseui:firebase-ui-auth:2.3.0] AndroidManifest.xml:67:13-45
	android:name
		ADDED from src\main\AndroidManifest.xml:116:13-58
intent-filter#action:name:android.intent.action.VIEW+category:name:android.intent.category.BROWSABLE+category:name:android.intent.category.DEFAULT+data:scheme:@string/fb_login_protocol_scheme
ADDED from src\main\AndroidManifest.xml:118:13-125:29
action#android.intent.action.VIEW
ADDED from src\main\AndroidManifest.xml:119:17-69
	android:name
		ADDED from src\main\AndroidManifest.xml:119:25-66
category#android.intent.category.DEFAULT
ADDED from src\main\AndroidManifest.xml:121:17-76
	android:name
		ADDED from src\main\AndroidManifest.xml:121:27-73
category#android.intent.category.BROWSABLE
ADDED from src\main\AndroidManifest.xml:122:17-78
	android:name
		ADDED from src\main\AndroidManifest.xml:122:27-75
data
ADDED from src\main\AndroidManifest.xml:124:17-75
	android:scheme
		ADDED from src\main\AndroidManifest.xml:124:23-72
receiver#matimatiks.matimatiks.PhoneStateReceiver
ADDED from src\main\AndroidManifest.xml:128:9-132:20
	android:name
		ADDED from src\main\AndroidManifest.xml:128:19-53
intent-filter#action:name:android.intent.action.PHONE_STATE
ADDED from src\main\AndroidManifest.xml:129:13-131:29
action#android.intent.action.PHONE_STATE
ADDED from src\main\AndroidManifest.xml:130:17-76
	android:name
		ADDED from src\main\AndroidManifest.xml:130:25-73
activity#matimatiks.matimatiks.SettingsActivity
ADDED from src\main\AndroidManifest.xml:134:9-141:20
	android:parentActivityName
		ADDED from src\main\AndroidManifest.xml:137:13-50
	android:label
		ADDED from src\main\AndroidManifest.xml:136:13-60
	android:name
		ADDED from src\main\AndroidManifest.xml:135:13-45
meta-data#android.support.PARENT_ACTIVITY
ADDED from src\main\AndroidManifest.xml:138:13-140:65
	android:value
		ADDED from src\main\AndroidManifest.xml:140:17-62
	android:name
		ADDED from src\main\AndroidManifest.xml:139:17-63
uses-sdk
INJECTED from src\main\AndroidManifest.xml reason: use-sdk injection requested
INJECTED from src\main\AndroidManifest.xml
INJECTED from src\main\AndroidManifest.xml
MERGED from [com.twitter.sdk.android:twitter-core:3.0.0] AndroidManifest.xml:23:5-44
MERGED from [com.twitter.sdk.android:twitter-core:3.0.0] AndroidManifest.xml:23:5-44
MERGED from [com.facebook.android:facebook-android-sdk:4.22.1] AndroidManifest.xml:24:5-26:41
MERGED from [com.facebook.android:facebook-android-sdk:4.22.1] AndroidManifest.xml:24:5-26:41
MERGED from [com.firebaseui:firebase-ui-auth:2.3.0] AndroidManifest.xml:8:5-10:41
MERGED from [com.firebaseui:firebase-ui-auth:2.3.0] AndroidManifest.xml:8:5-10:41
MERGED from [com.android.support:design:28.0.0] AndroidManifest.xml:20:5-44
MERGED from [com.android.support:design:28.0.0] AndroidManifest.xml:20:5-44
MERGED from [com.android.support:appcompat-v7:28.0.0] AndroidManifest.xml:20:5-44
MERGED from [com.android.support:appcompat-v7:28.0.0] AndroidManifest.xml:20:5-44
MERGED from [com.android.support:cardview-v7:28.0.0] AndroidManifest.xml:20:5-44
MERGED from [com.android.support:cardview-v7:28.0.0] AndroidManifest.xml:20:5-44
MERGED from [com.google.android.gms:play-services-ads:15.0.1] AndroidManifest.xml:21:5-23:62
MERGED from [com.google.android.gms:play-services-ads:15.0.1] AndroidManifest.xml:21:5-23:62
MERGED from [com.android.support:customtabs:28.0.0] AndroidManifest.xml:20:5-44
MERGED from [com.android.support:customtabs:28.0.0] AndroidManifest.xml:20:5-44
MERGED from [com.google.firebase:firebase-auth:16.0.3] AndroidManifest.xml:20:5-44
MERGED from [com.google.firebase:firebase-auth:16.0.3] AndroidManifest.xml:20:5-44
MERGED from [com.jjoe64:graphview:4.2.2] AndroidManifest.xml:7:5-9:41
MERGED from [com.jjoe64:graphview:4.2.2] AndroidManifest.xml:7:5-9:41
MERGED from [com.google.firebase:firebase-database:16.0.2] AndroidManifest.xml:18:5-20:41
MERGED from [com.google.firebase:firebase-database:16.0.2] AndroidManifest.xml:18:5-20:41
MERGED from [com.google.android.gms:play-services-gcm:15.0.1] AndroidManifest.xml:20:5-44
MERGED from [com.google.android.gms:play-services-gcm:15.0.1] AndroidManifest.xml:20:5-44
MERGED from [com.google.firebase:firebase-storage:16.0.2] AndroidManifest.xml:19:5-21:41
MERGED from [com.google.firebase:firebase-storage:16.0.2] AndroidManifest.xml:19:5-21:41
MERGED from [com.google.firebase:firebase-invites:16.0.3] AndroidManifest.xml:5:5-44
MERGED from [com.google.firebase:firebase-invites:16.0.3] AndroidManifest.xml:5:5-44
MERGED from [com.google.android.gms:play-services-appinvite:16.0.3] AndroidManifest.xml:20:5-44
MERGED from [com.google.android.gms:play-services-appinvite:16.0.3] AndroidManifest.xml:20:5-44
MERGED from [com.google.android.gms:play-services-iid:15.0.1] AndroidManifest.xml:20:5-44
MERGED from [com.google.android.gms:play-services-iid:15.0.1] AndroidManifest.xml:20:5-44
MERGED from [com.google.firebase:firebase-dynamic-links:16.1.1] AndroidManifest.xml:5:5-44
MERGED from [com.google.firebase:firebase-dynamic-links:16.1.1] AndroidManifest.xml:5:5-44
MERGED from [com.google.firebase:firebase-core:16.0.3] AndroidManifest.xml:5:5-44
MERGED from [com.google.firebase:firebase-core:16.0.3] AndroidManifest.xml:5:5-44
MERGED from [com.google.firebase:firebase-measurement-connector-impl:17.0.1] AndroidManifest.xml:20:5-44